<?xml version="1.0" encoding="utf-8"?><testsuites name="pytest tests"><testsuite name="pytest" errors="0" failures="0" skipped="0" tests="10" time="9.357" timestamp="2026-03-31T07:15:20.440459+00:00" hostname="agent-env-e2945ef5-4153-431d-aa0a-e2df9ce8db1c"><testcase classname="backend.tests.test_iteration5_bug_fixes.TestAuthentication" name="test_admin_login" time="0.381" /><testcase classname="backend.tests.test_iteration5_bug_fixes.TestDeductionsEndpoint" name="test_calculate_monthly_deductions_march_2026" time="0.446" /><testcase classname="backend.tests.test_iteration5_bug_fixes.TestDeductionsEndpoint" name="test_calculate_monthly_deductions_february_2024" time="0.414" /><testcase classname="backend.tests.test_iteration5_bug_fixes.TestPayrollEndpoints" name="test_payroll_cycles_no_500" time="0.396" /><testcase classname="backend.tests.test_iteration5_bug_fixes.TestPayrollEndpoints" name="test_payroll_ledger_no_500" time="0.440" /><testcase classname="backend.tests.test_iteration5_bug_fixes.TestEmailEndpoints" name="test_email_preferences_no_500" time="0.414" /><testcase classname="backend.tests.test_iteration5_bug_fixes.TestEmailEndpoints" name="test_email_test_no_500" time="5.502" /><testcase classname="backend.tests.test_iteration5_bug_fixes.TestWorkReportsEndpoints" name="test_work_reports_clients_no_500" time="0.420" /><testcase classname="backend.tests.test_iteration5_bug_fixes.TestEmployeesEndpoint" name="test_employees_list" time="0.395" /><testcase classname="backend.tests.test_iteration5_bug_fixes.TestEmployeesEndpoint" name="test_users_endpoint" time="0.395" /></testsuite></testsuites>