<?xml version="1.0" encoding="utf-8"?><testsuites name="pytest tests"><testsuite name="pytest" errors="0" failures="0" skipped="0" tests="10" time="4.354" timestamp="2026-03-31T13:58:57.237190+00:00" hostname="agent-env-e2945ef5-4153-431d-aa0a-e2df9ce8db1c"><testcase classname="tests.test_iteration9_features.TestHealthEndpoint" name="test_healthz_returns_ok" time="0.206" /><testcase classname="tests.test_iteration9_features.TestAuthFlow" name="test_login_success" time="0.352" /><testcase classname="tests.test_iteration9_features.TestAuthFlow" name="test_login_invalid_credentials" time="0.094" /><testcase classname="tests.test_iteration9_features.TestCustomReportAPI" name="test_custom_report_excel_format" time="0.530" /><testcase classname="tests.test_iteration9_features.TestCustomReportAPI" name="test_custom_report_csv_format" time="0.582" /><testcase classname="tests.test_iteration9_features.TestCustomReportAPI" name="test_custom_report_no_employees_error" time="0.626" /><testcase classname="tests.test_iteration9_features.TestTimeParsingRobustness" name="test_attendance_endpoint_loads" time="0.444" /><testcase classname="tests.test_iteration9_features.TestTimeParsingRobustness" name="test_attendance_with_absences_endpoint" time="0.516" /><testcase classname="tests.test_iteration9_features.TestTimeParsingRobustness" name="test_users_endpoint" time="0.436" /><testcase classname="tests.test_iteration9_features.TestAttendanceManagement" name="test_attendance_list" time="0.426" /></testsuite></testsuites>