<?xml version="1.0" encoding="utf-8"?><testsuites name="pytest tests"><testsuite name="pytest" errors="0" failures="1" skipped="0" tests="20" time="8.424" timestamp="2026-03-31T05:49:26.322729+00:00" hostname="agent-env-e2945ef5-4153-431d-aa0a-e2df9ce8db1c"><testcase classname="backend.tests.test_refactored_features.TestAuthentication" name="test_login_super_admin" time="0.504" /><testcase classname="backend.tests.test_refactored_features.TestAuthentication" name="test_auth_me_endpoint" time="0.427" /><testcase classname="backend.tests.test_refactored_features.TestDashboard" name="test_users_list" time="0.454" /><testcase classname="backend.tests.test_refactored_features.TestDashboard" name="test_attendance_list" time="0.424" /><testcase classname="backend.tests.test_refactored_features.TestDashboard" name="test_leaves_list" time="0.412" /><testcase classname="backend.tests.test_refactored_features.TestDashboard" name="test_field_exits_list" time="0.440" /><testcase classname="backend.tests.test_refactored_features.TestAttendanceManagement" name="test_attendance_with_absences" time="0.473" /><testcase classname="backend.tests.test_refactored_features.TestAttendanceManagement" name="test_missing_today" time="0.412" /><testcase classname="backend.tests.test_refactored_features.TestAdvancesLoans" name="test_my_balance" time="0.404" /><testcase classname="backend.tests.test_refactored_features.TestAdvancesLoans" name="test_my_transactions" time="0.394" /><testcase classname="backend.tests.test_refactored_features.TestAdvancesLoans" name="test_advance_request_endpoint" time="0.487" /><testcase classname="backend.tests.test_refactored_features.TestAdvancesLoans" name="test_custody_request_endpoint" time="0.428" /><testcase classname="backend.tests.test_refactored_features.TestPayrollCycles" name="test_payroll_cycles_list" time="0.396" /><testcase classname="backend.tests.test_refactored_features.TestPayrollCycles" name="test_payroll_cycle_detail" time="0.476" /><testcase classname="backend.tests.test_refactored_features.TestPayrollCycles" name="test_payroll_cycle_export_excel" time="0.535" /><testcase classname="backend.tests.test_refactored_features.TestPayrollCycles" name="test_payroll_cycle_summary" time="0.522" /><testcase classname="backend.tests.test_refactored_features.TestNotifications" name="test_notifications_count" time="0.404" /><testcase classname="backend.tests.test_refactored_features.TestNotifications" name="test_my_notifications" time="0.395"><failure message="AssertionError: Expected list of notifications&#10;assert False&#10; +  where False = isinstance({'notifications': [{'id': '693dc68d-0d8e-4d76-a703-bd76e59d456d', 'is_read': False, 'message': '#x1F4B0 طلب عهدة جديد\n    \n#x1F464 الموظف: مدير النظام\n#x1F4B5 المبلغ: 50.0 درهم\n#x1F4DD الوصف: TEST_custody_request_for_testing\n#x1F4C5 التاريخ: 2026-03-31 05:49\n\nيرجى مراجعة الطلب للموافقة أو الرفض.', 'priority': 'high', ...}, {'id': '76a16d94-bca2-4714-b862-04ee2bd0c1ba', 'is_read': False, 'message': '#x1F4B0 طلب سلفة جديد\n    \n#x1F464 الموظف: مدير النظام\n#x1F4B5 المبلغ: 100.0 درهم\n#x1F4DD الوصف: TEST_advance_request_for_testing\n#x1F4C5 التاريخ: 2026-03-31 05:49\n\nيرجى مراجعة الطلب للموافقة أو الرفض.', 'priority': 'high', ...}, {'id': '86d87b14-0534-4e40-b3b5-9362780bcd3f', 'is_read': False, 'message': '#x1F4B0 طلب سلفة جديد\n    \n#x1F464 الموظف: حاتم محمد\n#x1F4B5 المبلغ: 500.0 درهم\n#x1F4DD الوصف: اختبار طلب سلفة\n#x1F4C5 التاريخ: 2026-03-31 05:46\n\nيرجى مراجعة الطلب للموافقة أو الرفض.', 'priority': 'high', ...}, {'id': '14d4db6c-4125-4c4e-9a8b-337d9a978079', 'is_read': True, 'message': '✅ طلب تسوية عهدة\n    \n#x1F464 الموظف: Jihad\n#x1F4B5 المبلغ: 100.0 درهم\n#x1F4C5 التاريخ: 2025-11-26 08:03\n#x1F4DD ملاحظات: تسوية جزئية للعهدة\n\nيرجى مراجعة الطلب للموافقة.', 'priority': 'high', ...}, {'id': '5bb8034b-1862-44a1-b32e-606962af1746', 'is_read': False, 'message': '#x1F4B0 طلب عهدة جديد\n    \n#x1F464 الموظف: Jihad\n#x1F4B5 المبلغ: 300.0 درهم\n#x1F4DD الوصف: عهدة اختبار شامل نهائي\n#x1F4C5 التاريخ: 2025-11-26 08:03\n\nيرجى مراجعة الطلب للموافقة أو الرفض.', 'priority': 'high', ...}, {'id': 'e06a9b53-a9c9-44c6-8bc3-c55b9a521e16', 'is_read': False, 'message': '#x1F4B0 طلب سلفة جديد\n    \n#x1F464 الموظف: Jihad\n#x1F4B5 المبلغ: 500.0 درهم\n#x1F4DD الوصف: سلفة اختبار شامل نهائي\n#x1F4C5 التاريخ: 2025-11-26 08:03\n\nيرجى مراجعة الطلب للموافقة أو الرفض.', 'priority': 'high', ...}, ...]}, list)">backend/tests/test_refactored_features.py:368: in test_my_notifications
    assert isinstance(data, list), "Expected list of notifications"
E   AssertionError: Expected list of notifications
E   assert False
E    +  where False = isinstance({'notifications': [{'id': '693dc68d-0d8e-4d76-a703-bd76e59d456d', 'is_read': False, 'message': '#x1F4B0 طلب عهدة جديد\n    \n#x1F464 الموظف: مدير النظام\n#x1F4B5 المبلغ: 50.0 درهم\n#x1F4DD الوصف: TEST_custody_request_for_testing\n#x1F4C5 التاريخ: 2026-03-31 05:49\n\nيرجى مراجعة الطلب للموافقة أو الرفض.', 'priority': 'high', ...}, {'id': '76a16d94-bca2-4714-b862-04ee2bd0c1ba', 'is_read': False, 'message': '#x1F4B0 طلب سلفة جديد\n    \n#x1F464 الموظف: مدير النظام\n#x1F4B5 المبلغ: 100.0 درهم\n#x1F4DD الوصف: TEST_advance_request_for_testing\n#x1F4C5 التاريخ: 2026-03-31 05:49\n\nيرجى مراجعة الطلب للموافقة أو الرفض.', 'priority': 'high', ...}, {'id': '86d87b14-0534-4e40-b3b5-9362780bcd3f', 'is_read': False, 'message': '#x1F4B0 طلب سلفة جديد\n    \n#x1F464 الموظف: حاتم محمد\n#x1F4B5 المبلغ: 500.0 درهم\n#x1F4DD الوصف: اختبار طلب سلفة\n#x1F4C5 التاريخ: 2026-03-31 05:46\n\nيرجى مراجعة الطلب للموافقة أو الرفض.', 'priority': 'high', ...}, {'id': '14d4db6c-4125-4c4e-9a8b-337d9a978079', 'is_read': True, 'message': '✅ طلب تسوية عهدة\n    \n#x1F464 الموظف: Jihad\n#x1F4B5 المبلغ: 100.0 درهم\n#x1F4C5 التاريخ: 2025-11-26 08:03\n#x1F4DD ملاحظات: تسوية جزئية للعهدة\n\nيرجى مراجعة الطلب للموافقة.', 'priority': 'high', ...}, {'id': '5bb8034b-1862-44a1-b32e-606962af1746', 'is_read': False, 'message': '#x1F4B0 طلب عهدة جديد\n    \n#x1F464 الموظف: Jihad\n#x1F4B5 المبلغ: 300.0 درهم\n#x1F4DD الوصف: عهدة اختبار شامل نهائي\n#x1F4C5 التاريخ: 2025-11-26 08:03\n\nيرجى مراجعة الطلب للموافقة أو الرفض.', 'priority': 'high', ...}, {'id': 'e06a9b53-a9c9-44c6-8bc3-c55b9a521e16', 'is_read': False, 'message': '#x1F4B0 طلب سلفة جديد\n    \n#x1F464 الموظف: Jihad\n#x1F4B5 المبلغ: 500.0 درهم\n#x1F4DD الوصف: سلفة اختبار شامل نهائي\n#x1F4C5 التاريخ: 2025-11-26 08:03\n\nيرجى مراجعة الطلب للموافقة أو الرفض.', 'priority': 'high', ...}, ...]}, list)</failure></testcase><testcase classname="backend.tests.test_refactored_features.TestHealthChecks" name="test_health_endpoint" time="0.079" /><testcase classname="backend.tests.test_refactored_features.TestHealthChecks" name="test_readiness_endpoint" time="0.121" /></testsuite></testsuites>