<?xml version="1.0" encoding="utf-8"?><testsuites name="pytest tests"><testsuite name="pytest" errors="0" failures="0" skipped="0" tests="10" time="4.696" timestamp="2026-03-12T15:12:36.917977+00:00" hostname="agent-env-e2945ef5-4153-431d-aa0a-e2df9ce8db1c"><testcase classname="tests.test_attendance_features.TestAuthentication" name="test_login_super_admin" time="0.526" /><testcase classname="tests.test_attendance_features.TestAuthentication" name="test_auth_me_endpoint" time="0.453" /><testcase classname="tests.test_attendance_features.TestAttendanceManagement" name="test_attendance_list" time="0.487" /><testcase classname="tests.test_attendance_features.TestAttendanceManagement" name="test_users_list" time="0.490" /><testcase classname="tests.test_attendance_features.TestCustomReport" name="test_custom_report_excel" time="0.673" /><testcase classname="tests.test_attendance_features.TestCustomReport" name="test_custom_report_csv" time="0.586" /><testcase classname="tests.test_attendance_features.TestCustomReport" name="test_custom_report_validation_no_employees" time="0.481" /><testcase classname="tests.test_attendance_features.TestCustomReport" name="test_custom_report_validation_no_dates" time="0.612" /><testcase classname="tests.test_attendance_features.TestHealthChecks" name="test_health_endpoint" time="0.086" /><testcase classname="tests.test_attendance_features.TestHealthChecks" name="test_readiness_endpoint" time="0.099" /></testsuite></testsuites>