<?xml version="1.0" encoding="utf-8"?><testsuites name="pytest tests"><testsuite name="pytest" errors="0" failures="0" skipped="0" tests="7" time="30.930" timestamp="2026-04-02T09:48:58.124753+00:00" hostname="agent-env-e2945ef5-4153-431d-aa0a-e2df9ce8db1c"><testcase classname="backend.tests.test_telegram_salary_slip.TestTelegramBotInfo" name="test_bot_info_returns_connected_true" time="0.944" /><testcase classname="backend.tests.test_telegram_salary_slip.TestSendSalarySlipWithTelegram" name="test_send_salary_slip_returns_telegram_sent_field" time="7.544" /><testcase classname="backend.tests.test_telegram_salary_slip.TestSendSalarySlipWithTelegram" name="test_send_salary_slip_does_not_crash_on_telegram_failure" time="6.654" /><testcase classname="backend.tests.test_telegram_salary_slip.TestBulkSalarySlipsWithTelegram" name="test_bulk_salary_slips_returns_telegram_sent_in_details" time="7.806" /><testcase classname="backend.tests.test_telegram_salary_slip.TestBulkSalarySlipsWithTelegram" name="test_bulk_salary_slips_does_not_crash" time="7.601" /><testcase classname="backend.tests.test_telegram_salary_slip.TestTelegramTestMessage" name="test_telegram_test_for_unlinked_user" time="0.130" /><testcase classname="backend.tests.test_telegram_salary_slip.TestHealthCheck" name="test_health_endpoint" time="0.098" /></testsuite></testsuites>