<?xml version="1.0" encoding="utf-8"?><testsuites name="pytest tests"><testsuite name="pytest" errors="0" failures="0" skipped="0" tests="16" time="39.229" timestamp="2026-03-31T07:39:05.784828+00:00" hostname="agent-env-e2945ef5-4153-431d-aa0a-e2df9ce8db1c"><testcase classname="test_iteration6_new_features.TestAuthentication" name="test_admin_login" time="0.436" /><testcase classname="test_iteration6_new_features.TestSystemHealthEndpoint" name="test_health_check_returns_200" time="6.031" /><testcase classname="test_iteration6_new_features.TestSystemHealthEndpoint" name="test_health_check_structure" time="6.023" /><testcase classname="test_iteration6_new_features.TestSystemHealthEndpoint" name="test_health_check_database_up" time="5.648" /><testcase classname="test_iteration6_new_features.TestSystemHealthEndpoint" name="test_health_check_api_up" time="5.472" /><testcase classname="test_iteration6_new_features.TestSystemHealthEndpoint" name="test_health_check_auth_up" time="5.530" /><testcase classname="test_iteration6_new_features.TestSystemHealthEndpoint" name="test_health_check_system_info" time="5.968" /><testcase classname="test_iteration6_new_features.TestPDFSalarySlipGeneration" name="test_salary_slip_pdf_generation" time="0.633" /><testcase classname="test_iteration6_new_features.TestPDFSalarySlipGeneration" name="test_salary_slip_invalid_employee" time="0.408" /><testcase classname="test_iteration6_new_features.TestSalarySlipsPage" name="test_bulk_salary_slips_data" time="0.456" /><testcase classname="test_iteration6_new_features.TestCheckInEndpoint" name="test_check_in_endpoint_exists" time="0.433" /><testcase classname="test_iteration6_new_features.TestHRDashboardRegression" name="test_hr_dashboard_stats" time="0.408" /><testcase classname="test_iteration6_new_features.TestHRDashboardRegression" name="test_employees_list_for_dashboard" time="0.411" /><testcase classname="test_iteration6_new_features.TestPreviouslyFixedEndpoints" name="test_deductions_calculate_monthly" time="0.418" /><testcase classname="test_iteration6_new_features.TestPreviouslyFixedEndpoints" name="test_payroll_cycles" time="0.411" /><testcase classname="test_iteration6_new_features.TestPreviouslyFixedEndpoints" name="test_payroll_ledger" time="0.399" /></testsuite></testsuites>