<?xml version="1.0" encoding="utf-8"?><testsuites name="pytest tests"><testsuite name="pytest" errors="0" failures="0" skipped="0" tests="8" time="9.731" timestamp="2026-03-31T12:18:54.744032+00:00" hostname="agent-env-e2945ef5-4153-431d-aa0a-e2df9ce8db1c"><testcase classname="tests.test_iteration8_features.TestAuthentication" name="test_login_success" time="0.459" /><testcase classname="tests.test_iteration8_features.TestAuthentication" name="test_login_invalid_credentials" time="0.089" /><testcase classname="tests.test_iteration8_features.TestSystemHealth" name="test_health_check_endpoint" time="6.490" /><testcase classname="tests.test_iteration8_features.TestLiveMonitoring" name="test_live_metrics_endpoint" time="0.763" /><testcase classname="tests.test_iteration8_features.TestLiveMonitoring" name="test_live_logs_endpoint" time="0.418" /><testcase classname="tests.test_iteration8_features.TestSalarySlip" name="test_salary_slip_generation" time="0.527" /><testcase classname="tests.test_iteration8_features.TestAdminConfig" name="test_admin_config_system" time="0.422" /><testcase classname="tests.test_iteration8_features.TestAdminConfig" name="test_admin_config_exceptions" time="0.414" /></testsuite></testsuites>