<?xml version="1.0" encoding="utf-8"?><testsuites name="pytest tests"><testsuite name="pytest" errors="0" failures="0" skipped="0" tests="10" time="4.013" timestamp="2026-04-02T08:14:46.496233+00:00" hostname="agent-env-e2945ef5-4153-431d-aa0a-e2df9ce8db1c"><testcase classname="backend.tests.test_push_notifications.TestHealthCheck" name="test_health_endpoint" time="0.296" /><testcase classname="backend.tests.test_push_notifications.TestPushVapidKey" name="test_get_vapid_key_returns_public_key" time="0.106" /><testcase classname="backend.tests.test_push_notifications.TestPushSubscription" name="test_subscribe_with_valid_subscription" time="0.463" /><testcase classname="backend.tests.test_push_notifications.TestPushSubscription" name="test_subscribe_without_endpoint_fails" time="0.399" /><testcase classname="backend.tests.test_push_notifications.TestPushSubscription" name="test_unsubscribe_with_endpoint" time="0.475" /><testcase classname="backend.tests.test_push_notifications.TestPushSettings" name="test_get_settings_returns_defaults" time="0.404" /><testcase classname="backend.tests.test_push_notifications.TestPushSettings" name="test_save_settings_as_admin" time="0.489" /><testcase classname="backend.tests.test_push_notifications.TestPushStats" name="test_get_stats_returns_counts" time="0.404" /><testcase classname="backend.tests.test_push_notifications.TestPushTestNotification" name="test_send_test_notification" time="0.406" /><testcase classname="backend.tests.test_push_notifications.TestPushSubscriptionCleanup" name="test_cleanup_test_subscriptions" time="0.397" /></testsuite></testsuites>