<?xml version="1.0" encoding="utf-8"?><testsuites name="pytest tests"><testsuite name="pytest" errors="0" failures="0" skipped="0" tests="8" time="178.706" timestamp="2026-04-01T06:54:05.220157+00:00" hostname="agent-env-e2945ef5-4153-431d-aa0a-e2df9ce8db1c"><testcase classname="backend.tests.test_iteration10_absence_types.TestHealthEndpoint" name="test_healthz_returns_ok" time="0.116" /><testcase classname="backend.tests.test_iteration10_absence_types.TestAuthFlow" name="test_login_success" time="0.343" /><testcase classname="backend.tests.test_iteration10_absence_types.TestBulkAddAbsenceTypes" name="test_annual_leave_no_deduction" time="36.860" /><testcase classname="backend.tests.test_iteration10_absence_types.TestBulkAddAbsenceTypes" name="test_sick_leave_paid_no_deduction" time="35.216" /><testcase classname="backend.tests.test_iteration10_absence_types.TestBulkAddAbsenceTypes" name="test_sick_leave_unpaid_with_deduction" time="36.196" /><testcase classname="backend.tests.test_iteration10_absence_types.TestBulkAddAbsenceTypes" name="test_full_day_with_deduction" time="34.143" /><testcase classname="backend.tests.test_iteration10_absence_types.TestBulkAddAbsenceTypes" name="test_half_day_with_half_deduction" time="35.255" /><testcase classname="backend.tests.test_iteration10_absence_types.TestAttendanceWithAbsences" name="test_attendance_with_absences_endpoint" time="0.425" /></testsuite></testsuites>