<?xml version="1.0" encoding="utf-8"?><testsuites name="pytest tests"><testsuite name="pytest" errors="0" failures="0" skipped="0" tests="15" time="222.314" timestamp="2026-03-31T08:05:15.140539+00:00" hostname="agent-env-e2945ef5-4153-431d-aa0a-e2df9ce8db1c"><testcase classname="backend.tests.test_iteration7_auto_report.TestAuthentication" name="test_admin_login" time="0.478" /><testcase classname="backend.tests.test_iteration7_auto_report.TestAutoReportConfig" name="test_get_auto_report_config" time="0.474" /><testcase classname="backend.tests.test_iteration7_auto_report.TestAutoReportConfig" name="test_update_auto_report_config_enable" time="0.451" /><testcase classname="backend.tests.test_iteration7_auto_report.TestAutoReportConfig" name="test_update_auto_report_config_disable" time="0.439" /><testcase classname="backend.tests.test_iteration7_auto_report.TestAutoReportConfig" name="test_update_auto_report_config_day_clamping" time="0.446" /><testcase classname="backend.tests.test_iteration7_auto_report.TestSendMonthlyReports" name="test_send_monthly_reports_returns_immediately" time="0.435" /><testcase classname="backend.tests.test_iteration7_auto_report.TestSendMonthlyReports" name="test_send_monthly_reports_default_cycle" time="11.521" /><testcase classname="backend.tests.test_iteration7_auto_report.TestAutoReportHistory" name="test_get_auto_report_history" time="27.638" /><testcase classname="backend.tests.test_iteration7_auto_report.TestAutoReportHistory" name="test_auto_report_history_structure" time="32.645" /><testcase classname="backend.tests.test_iteration7_auto_report.TestRegressionHRDashboard" name="test_employees_list" time="32.076" /><testcase classname="backend.tests.test_iteration7_auto_report.TestRegressionHRDashboard" name="test_hr_dashboard_stats" time="26.944" /><testcase classname="backend.tests.test_iteration7_auto_report.TestRegressionSystemHealth" name="test_system_health_check" time="44.653" /><testcase classname="backend.tests.test_iteration7_auto_report.TestPreviouslyFixedEndpoints" name="test_deductions_calculate_monthly" time="37.630" /><testcase classname="backend.tests.test_iteration7_auto_report.TestPreviouslyFixedEndpoints" name="test_payroll_cycles" time="5.634" /><testcase classname="backend.tests.test_iteration7_auto_report.TestPreviouslyFixedEndpoints" name="test_salary_slip_generation" time="0.641" /></testsuite></testsuites>