<?xml version="1.0" encoding="utf-8"?><testsuites name="pytest tests"><testsuite name="pytest" errors="0" failures="0" skipped="0" tests="13" time="4.040" timestamp="2026-03-31T05:59:58.968735+00:00" hostname="agent-env-e2945ef5-4153-431d-aa0a-e2df9ce8db1c"><testcase classname="tests.test_admin_config_live_monitoring.TestAuth" name="test_login_super_admin" time="0.489" /><testcase classname="tests.test_admin_config_live_monitoring.TestAdminConfigSystem" name="test_get_system_config" time="0.448" /><testcase classname="tests.test_admin_config_live_monitoring.TestAdminConfigSystem" name="test_update_system_config" time="0.188" /><testcase classname="tests.test_admin_config_live_monitoring.TestAdminConfigExceptions" name="test_get_exceptions" time="0.398" /><testcase classname="tests.test_admin_config_live_monitoring.TestAdminConfigExceptions" name="test_add_exception" time="0.288" /><testcase classname="tests.test_admin_config_live_monitoring.TestAdminConfigExceptions" name="test_delete_exception" time="0.094" /><testcase classname="tests.test_admin_config_live_monitoring.TestAdminConfigImportMappings" name="test_get_import_mappings" time="0.411" /><testcase classname="tests.test_admin_config_live_monitoring.TestAdminConfigImportMappings" name="test_update_import_mappings" time="0.095" /><testcase classname="tests.test_admin_config_live_monitoring.TestLiveMonitoring" name="test_get_live_metrics" time="0.403" /><testcase classname="tests.test_admin_config_live_monitoring.TestLiveMonitoring" name="test_get_live_logs" time="0.089" /><testcase classname="tests.test_admin_config_live_monitoring.TestUsersEndpoint" name="test_get_users" time="0.444" /><testcase classname="tests.test_admin_config_live_monitoring.TestAttendanceManagement" name="test_get_attendance_with_absences" time="0.428" /><testcase classname="tests.test_admin_config_live_monitoring.TestAttendanceManagement" name="test_get_attendance" time="0.105" /></testsuite></testsuites>