<?xml version="1.0" encoding="utf-8"?><testsuites name="pytest tests"><testsuite name="pytest" errors="0" failures="0" skipped="0" tests="12" time="2.165" timestamp="2026-04-02T09:08:20.159187+00:00" hostname="agent-env-e2945ef5-4153-431d-aa0a-e2df9ce8db1c"><testcase classname="tests.test_telegram.TestHealthCheck" name="test_health_endpoint" time="0.181" /><testcase classname="tests.test_telegram.TestTelegramBotInfo" name="test_get_bot_info_returns_connected_status" time="0.432" /><testcase classname="tests.test_telegram.TestTelegramGenerateLink" name="test_generate_link_returns_code_and_deep_link" time="0.711" /><testcase classname="tests.test_telegram.TestTelegramGenerateLink" name="test_generate_link_requires_auth" time="0.118" /><testcase classname="tests.test_telegram.TestTelegramStatus" name="test_status_returns_linked_false_for_unlinked_user" time="0.045" /><testcase classname="tests.test_telegram.TestTelegramStatus" name="test_status_requires_auth" time="0.081" /><testcase classname="tests.test_telegram.TestTelegramUnlink" name="test_unlink_returns_status_unlinked" time="0.047" /><testcase classname="tests.test_telegram.TestTelegramUnlink" name="test_unlink_requires_auth" time="0.087" /><testcase classname="tests.test_telegram.TestTelegramLinkedEmployees" name="test_linked_employees_returns_list" time="0.046" /><testcase classname="tests.test_telegram.TestTelegramLinkedEmployees" name="test_linked_employees_requires_admin" time="0.083" /><testcase classname="tests.test_telegram.TestTelegramTestMessage" name="test_test_message_returns_not_linked_message" time="0.048" /><testcase classname="tests.test_telegram.TestTelegramTestMessage" name="test_test_message_requires_auth" time="0.135" /></testsuite></testsuites>