<?xml version="1.0" encoding="utf-8"?><testsuites name="pytest tests"><testsuite name="pytest" errors="0" failures="0" skipped="0" tests="12" time="11.295" timestamp="2026-03-31T06:34:41.803693+00:00" hostname="agent-env-e2945ef5-4153-431d-aa0a-e2df9ce8db1c"><testcase classname="backend.tests.test_salary_slips_email.TestSalarySlipsAndEmail" name="test_generate_salary_slip_pdf" time="0.520" /><testcase classname="backend.tests.test_salary_slips_email.TestSalarySlipsAndEmail" name="test_generate_salary_slip_for_hatem" time="0.474" /><testcase classname="backend.tests.test_salary_slips_email.TestSalarySlipsAndEmail" name="test_salary_slip_invalid_employee" time="0.380" /><testcase classname="backend.tests.test_salary_slips_email.TestSalarySlipsAndEmail" name="test_bulk_salary_slips" time="0.410" /><testcase classname="backend.tests.test_salary_slips_email.TestSalarySlipsAndEmail" name="test_bulk_salary_slips_specific_employees" time="0.445" /><testcase classname="backend.tests.test_salary_slips_email.TestSalarySlipsAndEmail" name="test_get_email_preferences" time="0.399" /><testcase classname="backend.tests.test_salary_slips_email.TestSalarySlipsAndEmail" name="test_update_email_preferences" time="0.415" /><testcase classname="backend.tests.test_salary_slips_email.TestSalarySlipsAndEmail" name="test_get_email_logs" time="0.356" /><testcase classname="backend.tests.test_salary_slips_email.TestSalarySlipsAndEmail" name="test_email_connection" time="6.537" /><testcase classname="backend.tests.test_salary_slips_email.TestSalarySlipsAndEmail" name="test_get_payroll_cycles" time="0.399" /><testcase classname="backend.tests.test_salary_slips_email.TestSalarySlipPDFContent" name="test_pdf_is_valid_base64" time="0.406" /><testcase classname="backend.tests.test_salary_slips_email.TestSalarySlipPDFContent" name="test_pdf_contains_employee_info" time="0.375" /></testsuite></testsuites>